<?xml version="1.0" encoding="UTF-8"?>
<testsuites name="Login" time="7.899" tests="1" failures="0" errors="0">
   <testsuite name="Login" tests="1" failures="0" errors="0" time="7.899" skipped="0" timestamp="29-07-2024T16:26:47" hostname="saput - DESKTOP-0ML9LJ8" id="Test Suites/Login">
      <properties>
         <property name="deviceName" value=""/>
         <property name="devicePlatform"/>
         <property name="logFolder" value="D:\\Bootcamp Sanbercode\\Tugas 4 Katalon\\SanberCode_Automation_Web_using_Katalon\\Reports\\20240729_162642\\Login\\20240729_162642"/>
         <property name="logFiles" value="D:\\Bootcamp Sanbercode\\Tugas 4 Katalon\\SanberCode_Automation_Web_using_Katalon\\Reports\\20240729_162642\\Login\\20240729_162642\\execution0.log"/>
         <property name="attachments" value=""/>
         <property name="hostName" value="saput - DESKTOP-0ML9LJ8"/>
         <property name="os" value="Windows 11 64bit"/>
         <property name="katalonVersion" value="9.5.0.217"/>
         <property name="browser" value="Chrome 126.0.0.0"/>
         <property name="hostAddress" value="192.168.103.233"/>
         <property name="sessionId" value="838733785b6b138116c8f3ac4064cd39"/>
         <property name="seleniumVersion" value="3.141.59"/>
         <property name="proxyInformation" value="ProxyInformation { proxyOption=NO_PROXY, proxyServerType=HTTP, username=, password=********, proxyServerAddress=, proxyServerPort=0, executionList=&quot;&quot;, isApplyToDesiredCapabilities=true }"/>
         <property name="platform" value="Windows 11"/>
      </properties>
      <testcase name="Test Cases/TC01/TC01001" time="7.548" classname="Test Cases/TC01/TC01001" status="PASSED">
         <system-out><![CDATA[29-07-2024T16:26:48 - [TEST_CASE][PASSED] - Test Cases/TC01/TC01001: Test Cases/TC01/TC01001

29-07-2024T16:26:48 - [TEST_STEP][PASSED] - openBrowser(""): Browser is opened with url: ''

29-07-2024T16:26:49 - [MESSAGE][INFO] - Starting 'Chrome' driver

29-07-2024T16:26:49 - [MESSAGE][INFO] - Action delay is set to 0 milliseconds

29-07-2024T16:26:51 - [MESSAGE][PASSED] - Browser is opened with url: ''

29-07-2024T16:26:51 - [TEST_STEP][PASSED] - navigateToUrl("https://www.saucedemo.com/"): Navigate to 'https://www.saucedemo.com/' successfully

29-07-2024T16:26:52 - [MESSAGE][PASSED] - Navigate to 'https://www.saucedemo.com/' successfully

29-07-2024T16:26:52 - [TEST_STEP][PASSED] - setText(findTestObject("Page_Login/Login_InputUsername"), validUsername): Text 'standard_user' is set on object 'Object Repository/Page_Login/Login_InputUsername'

29-07-2024T16:26:54 - [MESSAGE][PASSED] - Text 'standard_user' is set on object 'Object Repository/Page_Login/Login_InputUsername'

29-07-2024T16:26:54 - [TEST_STEP][PASSED] - setText(findTestObject("Page_Login/Login_InputPassword"), validPassword): Text 'secret_sauce' is set on object 'Object Repository/Page_Login/Login_InputPassword'

29-07-2024T16:26:55 - [MESSAGE][PASSED] - Text 'secret_sauce' is set on object 'Object Repository/Page_Login/Login_InputPassword'

29-07-2024T16:26:55 - [TEST_STEP][PASSED] - click(findTestObject("Page_Login/Login_ButtonLogin")): Object: 'Object Repository/Page_Login/Login_ButtonLogin' is clicked on

29-07-2024T16:26:55 - [MESSAGE][PASSED] - Object: 'Object Repository/Page_Login/Login_ButtonLogin' is clicked on

29-07-2024T16:26:55 - [TEST_STEP][PASSED] - current_url = getUrl(): Current window's url is: 'https://www.saucedemo.com/inventory.html'

29-07-2024T16:26:55 - [MESSAGE][PASSED] - Current window's url is: 'https://www.saucedemo.com/inventory.html'

29-07-2024T16:26:55 - [TEST_STEP][PASSED] - if (current_url == productPageUrl): URL is correct: https://www.saucedemo.com/inventory.html

29-07-2024T16:26:55 - [TEST_STEP][PASSED] - comment("URL is correct: " + current_url): URL is correct: https://www.saucedemo.com/inventory.html

29-07-2024T16:26:55 - [MESSAGE][INFO] - URL is correct: https://www.saucedemo.com/inventory.html

29-07-2024T16:26:55 - [TEST_STEP][PASSED] - closeBrowser(): Browser is closed

29-07-2024T16:26:55 - [MESSAGE][PASSED] - Browser is closed]]></system-out>
         <system-err><![CDATA[]]></system-err>
      </testcase>
      <system-out><![CDATA[29-07-2024T16:26:47 - [TEST_SUITE][PASSED] - Login: Test Cases/TC01/TC01001]]></system-out>
      <system-err><![CDATA[]]></system-err>
   </testsuite>
</testsuites>
